Build started 2.9.2013 22:16:44.
     1>Project "C:\Users\nate\Desktop\xMod\project\VS2012\cgame.vcxproj" on node 2 (Build target(s)).
     1>ClCompile:
         C:\Program Files (x86)\Microsoft Visual Studio 11.0\VC\bin\CL.exe /c /ZI /nologo /W3 /WX- /Od /Oy- /D WIN32 /D _DEBUG /D _WINDOWS /D CGAMEDLL /D _VC80_UPGRADE=0x0600 /D _WINDLL /Gm /EHsc /MTd /GS /Gy- /fp:precise /Zc:wchar_t /Zc:forScope /Fo".\Debug\\" /Fd".\Debug\vc110.pdb" /FR".\Debug\\" /Gd /TC /analyze- /errorReport:prompt ..\game\bg_animation.c ..\game\bg_lib.c ..\game\bg_misc.c ..\game\bg_pmove.c ..\game\bg_slidemove.c cg_consolecmds.c cg_draw.c cg_drawtools.c cg_effects.c cg_ents.c cg_event.c cg_flamethrower.c cg_info.c cg_localents.c cg_main.c cg_marks.c cg_newDraw.c cg_particles.c cg_players.c cg_playerstate.c cg_predict.c cg_scoreboard.c cg_servercmds.c cg_snapshot.c cg_sound.c cg_spawn.c cg_syscalls.c cg_trails.c cg_view.c cg_weapons.c ..\game\q_math.c ..\game\q_shared.c ..\ui\ui_shared.c
         ui_shared.c
     1>c1 : fatal error C1083: Cannot open source file: '..\ui\ui_shared.c': No such file or directory
         q_shared.c
     1>c1 : fatal error C1083: Cannot open source file: '..\game\q_shared.c': No such file or directory
         q_math.c
     1>c1 : fatal error C1083: Cannot open source file: '..\game\q_math.c': No such file or directory
         cg_weapons.c
     1>c1 : fatal error C1083: Cannot open source file: 'cg_weapons.c': No such file or directory
         cg_view.c
     1>c1 : fatal error C1083: Cannot open source file: 'cg_view.c': No such file or directory
         cg_trails.c
     1>c1 : fatal error C1083: Cannot open source file: 'cg_trails.c': No such file or directory
         cg_syscalls.c
     1>c1 : fatal error C1083: Cannot open source file: 'cg_syscalls.c': No such file or directory
         cg_spawn.c
     1>c1 : fatal error C1083: Cannot open source file: 'cg_spawn.c': No such file or directory
         cg_sound.c
     1>c1 : fatal error C1083: Cannot open source file: 'cg_sound.c': No such file or directory
         cg_snapshot.c
     1>c1 : fatal error C1083: Cannot open source file: 'cg_snapshot.c': No such file or directory
         cg_servercmds.c
     1>c1 : fatal error C1083: Cannot open source file: 'cg_servercmds.c': No such file or directory
         cg_scoreboard.c
     1>c1 : fatal error C1083: Cannot open source file: 'cg_scoreboard.c': No such file or directory
         cg_predict.c
     1>c1 : fatal error C1083: Cannot open source file: 'cg_predict.c': No such file or directory
         cg_playerstate.c
     1>c1 : fatal error C1083: Cannot open source file: 'cg_playerstate.c': No such file or directory
         cg_players.c
     1>c1 : fatal error C1083: Cannot open source file: 'cg_players.c': No such file or directory
         cg_particles.c
     1>c1 : fatal error C1083: Cannot open source file: 'cg_particles.c': No such file or directory
         cg_newDraw.c
     1>c1 : fatal error C1083: Cannot open source file: 'cg_newDraw.c': No such file or directory
         cg_marks.c
     1>c1 : fatal error C1083: Cannot open source file: 'cg_marks.c': No such file or directory
         cg_main.c
     1>c1 : fatal error C1083: Cannot open source file: 'cg_main.c': No such file or directory
         cg_localents.c
     1>c1 : fatal error C1083: Cannot open source file: 'cg_localents.c': No such file or directory
         Generating Code...
         Compiling...
         cg_info.c
     1>c1 : fatal error C1083: Cannot open source file: 'cg_info.c': No such file or directory
         cg_flamethrower.c
     1>c1 : fatal error C1083: Cannot open source file: 'cg_flamethrower.c': No such file or directory
         cg_event.c
     1>c1 : fatal error C1083: Cannot open source file: 'cg_event.c': No such file or directory
         cg_ents.c
     1>c1 : fatal error C1083: Cannot open source file: 'cg_ents.c': No such file or directory
         cg_effects.c
     1>c1 : fatal error C1083: Cannot open source file: 'cg_effects.c': No such file or directory
         cg_drawtools.c
     1>c1 : fatal error C1083: Cannot open source file: 'cg_drawtools.c': No such file or directory
         cg_draw.c
     1>c1 : fatal error C1083: Cannot open source file: 'cg_draw.c': No such file or directory
         cg_consolecmds.c
     1>c1 : fatal error C1083: Cannot open source file: 'cg_consolecmds.c': No such file or directory
         bg_slidemove.c
     1>c1 : fatal error C1083: Cannot open source file: '..\game\bg_slidemove.c': No such file or directory
         bg_pmove.c
     1>c1 : fatal error C1083: Cannot open source file: '..\game\bg_pmove.c': No such file or directory
         bg_misc.c
     1>c1 : fatal error C1083: Cannot open source file: '..\game\bg_misc.c': No such file or directory
         bg_lib.c
     1>c1 : fatal error C1083: Cannot open source file: '..\game\bg_lib.c': No such file or directory
         bg_animation.c
     1>c1 : fatal error C1083: Cannot open source file: '..\game\bg_animation.c': No such file or directory
         Generating Code...
     1>Done Building Project "C:\Users\nate\Desktop\xMod\project\VS2012\cgame.vcxproj" (Build target(s)) -- FAILED.

Build FAILED.

Time Elapsed 00:00:01.69
