Build started 2.9.2013 22:38:38.
     1>Project "C:\Users\nate\Desktop\xMod\project\VS2012\game.vcxproj" on node 2 (Build target(s)).
     1>ClCompile:
         C:\Program Files (x86)\Microsoft Visual Studio 11.0\VC\bin\CL.exe /c /ZI /nologo /W3 /WX- /Od /Oy- /D WIN32 /D _DEBUG /D _WINDOWS /D BUILDING_REF_GL /D DEBUG /D GAMEDLL /D _VC80_UPGRADE=0x0600 /D _WINDLL /Gm /EHsc /MTd /GS /Gy- /fp:precise /Zc:wchar_t /Zc:forScope /Fo".\Debug\\" /Fd".\Debug\vc110.pdb" /FR".\Debug\\" /Gd /TC /analyze- /errorReport:prompt ..\..\src\botai\ai_chat.c ..\..\src\botai\ai_cmd.c ..\..\src\botai\ai_dmnet.c ..\..\src\botai\ai_dmq3.c ..\..\src\botai\ai_main.c ..\..\src\botai\ai_team.c ..\..\src\game\ai_cast.c ..\..\src\game\ai_cast_characters.c ..\..\src\game\ai_cast_debug.c ..\..\src\game\ai_cast_events.c ..\..\src\game\ai_cast_fight.c ..\..\src\game\ai_cast_func_attack.c ..\..\src\game\ai_cast_func_boss1.c ..\..\src\game\ai_cast_funcs.c ..\..\src\game\ai_cast_script.c ..\..\src\game\ai_cast_script_actions.c ..\..\src\game\ai_cast_script_ents.c ..\..\src\game\ai_cast_sight.c ..\..\src\game\ai_cast_think.c ..\..\src\game\g_active.c ..\..\src\game\g_alarm.c ..\..\src\game\g_antilag.c ..\..\src\game\g_bot.c ..\..\src\game\g_client.c ..\..\src\game\g_cmds.c ..\..\src\game\g_combat.c ..\..\src\game\g_items.c ..\..\src\game\g_main.c ..\..\src\game\g_mem.c ..\..\src\game\g_misc.c ..\..\src\game\g_missile.c ..\..\src\game\g_mover.c ..\..\src\game\g_props.c ..\..\src\game\g_script.c ..\..\src\game\g_script_actions.c ..\..\src\game\g_session.c ..\..\src\game\g_spawn.c ..\..\src\game\g_svcmds.c ..\..\src\game\g_syscalls.c ..\..\src\game\g_target.c ..\..\src\game\g_team.c ..\..\src\game\g_tramcar.c ..\..\src\game\g_trigger.c ..\..\src\game\g_utils.c ..\..\src\game\g_weapon.c
         g_weapon.c
         g_utils.c
     1>c:\users\nate\desktop\xmod\src\game\g_utils.c(27): warning C4996: 'strcpy': This function or variable may be unsafe. Consider using strcpy_s instead. To disable deprecation, use _CRT_SECURE_NO_WARNINGS. See online help for details.
                 c:\program files (x86)\microsoft visual studio 11.0\vc\include\string.h(110) : see declaration of 'strcpy'
     1>c:\users\nate\desktop\xmod\src\game\g_utils.c(33): warning C4996: 'strcpy': This function or variable may be unsafe. Consider using strcpy_s instead. To disable deprecation, use _CRT_SECURE_NO_WARNINGS. See online help for details.
                 c:\program files (x86)\microsoft visual studio 11.0\vc\include\string.h(110) : see declaration of 'strcpy'
     1>c:\users\nate\desktop\xmod\src\game\g_utils.c(34): warning C4996: 'strcpy': This function or variable may be unsafe. Consider using strcpy_s instead. To disable deprecation, use _CRT_SECURE_NO_WARNINGS. See online help for details.
                 c:\program files (x86)\microsoft visual studio 11.0\vc\include\string.h(110) : see declaration of 'strcpy'
         g_trigger.c
         g_tramcar.c
         g_team.c
     1>c:\users\nate\desktop\xmod\src\game\g_team.c(65): warning C4996: 'vsprintf': This function or variable may be unsafe. Consider using vsprintf_s instead. To disable deprecation, use _CRT_SECURE_NO_WARNINGS. See online help for details.
                 c:\program files (x86)\microsoft visual studio 11.0\vc\include\stdio.h(357) : see declaration of 'vsprintf'
     1>c:\users\nate\desktop\xmod\src\game\g_team.c(961): warning C4996: 'strcpy': This function or variable may be unsafe. Consider using strcpy_s instead. To disable deprecation, use _CRT_SECURE_NO_WARNINGS. See online help for details.
                 c:\program files (x86)\microsoft visual studio 11.0\vc\include\string.h(110) : see declaration of 'strcpy'
     1>c:\users\nate\desktop\xmod\src\game\g_team.c(1145): warning C4996: 'sprintf': This function or variable may be unsafe. Consider using sprintf_s instead. To disable deprecation, use _CRT_SECURE_NO_WARNINGS. See online help for details.
                 c:\program files (x86)\microsoft visual studio 11.0\vc\include\stdio.h(357) : see declaration of 'sprintf'
         g_target.c
         g_syscalls.c
         g_svcmds.c
         g_spawn.c
     1>c:\users\nate\desktop\xmod\src\game\g_spawn.c(52): warning C4996: 'sscanf': This function or variable may be unsafe. Consider using sscanf_s instead. To disable deprecation, use _CRT_SECURE_NO_WARNINGS. See online help for details.
                 c:\program files (x86)\microsoft visual studio 11.0\vc\include\stdio.h(311) : see declaration of 'sscanf'
     1>c:\users\nate\desktop\xmod\src\game\g_spawn.c(780): warning C4996: 'sscanf': This function or variable may be unsafe. Consider using sscanf_s instead. To disable deprecation, use _CRT_SECURE_NO_WARNINGS. See online help for details.
                 c:\program files (x86)\microsoft visual studio 11.0\vc\include\stdio.h(311) : see declaration of 'sscanf'
         g_session.c
     1>c:\users\nate\desktop\xmod\src\game\g_session.c(79): warning C4996: 'sscanf': This function or variable may be unsafe. Consider using sscanf_s instead. To disable deprecation, use _CRT_SECURE_NO_WARNINGS. See online help for details.
                 c:\program files (x86)\microsoft visual studio 11.0\vc\include\stdio.h(311) : see declaration of 'sscanf'
         g_script_actions.c
         g_script.c
         g_props.c
         g_mover.c
         g_missile.c
         g_misc.c
         g_mem.c
         g_main.c
     1>c:\users\nate\desktop\xmod\src\game\g_main.c(356): warning C4996: '_vsnprintf': This function or variable may be unsafe. Consider using _vsnprintf_s instead. To disable deprecation, use _CRT_SECURE_NO_WARNINGS. See online help for details.
                 c:\program files (x86)\microsoft visual studio 11.0\vc\include\stdio.h(349) : see declaration of '_vsnprintf'
     1>c:\users\nate\desktop\xmod\src\game\g_main.c(370): warning C4996: '_vsnprintf': This function or variable may be unsafe. Consider using _vsnprintf_s instead. To disable deprecation, use _CRT_SECURE_NO_WARNINGS. See online help for details.
                 c:\program files (x86)\microsoft visual studio 11.0\vc\include\stdio.h(349) : see declaration of '_vsnprintf'
     1>c:\users\nate\desktop\xmod\src\game\g_main.c(381): warning C4996: '_vsnprintf': This function or variable may be unsafe. Consider using _vsnprintf_s instead. To disable deprecation, use _CRT_SECURE_NO_WARNINGS. See online help for details.
                 c:\program files (x86)\microsoft visual studio 11.0\vc\include\stdio.h(349) : see declaration of '_vsnprintf'
     1>c:\users\nate\desktop\xmod\src\game\g_main.c(1275): warning C4996: '_vsnprintf': This function or variable may be unsafe. Consider using _vsnprintf_s instead. To disable deprecation, use _CRT_SECURE_NO_WARNINGS. See online help for details.
                 c:\program files (x86)\microsoft visual studio 11.0\vc\include\stdio.h(349) : see declaration of '_vsnprintf'
     1>c:\users\nate\desktop\xmod\src\game\g_main.c(1286): warning C4996: '_vsnprintf': This function or variable may be unsafe. Consider using _vsnprintf_s instead. To disable deprecation, use _CRT_SECURE_NO_WARNINGS. See online help for details.
                 c:\program files (x86)\microsoft visual studio 11.0\vc\include\stdio.h(349) : see declaration of '_vsnprintf'
     1>c:\users\nate\desktop\xmod\src\game\g_main.c(1842): warning C4996: '_vsnprintf': This function or variable may be unsafe. Consider using _vsnprintf_s instead. To disable deprecation, use _CRT_SECURE_NO_WARNINGS. See online help for details.
                 c:\program files (x86)\microsoft visual studio 11.0\vc\include\stdio.h(349) : see declaration of '_vsnprintf'
     1>c:\users\nate\desktop\xmod\src\game\g_main.c(2130): warning C4996: 'sprintf': This function or variable may be unsafe. Consider using sprintf_s instead. To disable deprecation, use _CRT_SECURE_NO_WARNINGS. See online help for details.
                 c:\program files (x86)\microsoft visual studio 11.0\vc\include\stdio.h(357) : see declaration of 'sprintf'
         g_items.c
         g_combat.c
         Generating Code...
         Compiling...
         g_cmds.c
     1>c:\users\nate\desktop\xmod\src\game\g_cmds.c(58): warning C4996: 'strcpy': This function or variable may be unsafe. Consider using strcpy_s instead. To disable deprecation, use _CRT_SECURE_NO_WARNINGS. See online help for details.
                 c:\program files (x86)\microsoft visual studio 11.0\vc\include\string.h(110) : see declaration of 'strcpy'
         g_client.c
     1>c:\users\nate\desktop\xmod\src\game\g_client.c(1326): warning C4996: 'strcpy': This function or variable may be unsafe. Consider using strcpy_s instead. To disable deprecation, use _CRT_SECURE_NO_WARNINGS. See online help for details.
                 c:\program files (x86)\microsoft visual studio 11.0\vc\include\string.h(110) : see declaration of 'strcpy'
         g_bot.c
     1>c:\users\nate\desktop\xmod\src\game\g_bot.c(185): warning C4996: 'strncpy': This function or variable may be unsafe. Consider using strncpy_s instead. To disable deprecation, use _CRT_SECURE_NO_WARNINGS. See online help for details.
                 c:\program files (x86)\microsoft visual studio 11.0\vc\include\string.h(191) : see declaration of 'strncpy'
     1>c:\users\nate\desktop\xmod\src\game\g_bot.c(216): warning C4996: 'strcpy': This function or variable may be unsafe. Consider using strcpy_s instead. To disable deprecation, use _CRT_SECURE_NO_WARNINGS. See online help for details.
                 c:\program files (x86)\microsoft visual studio 11.0\vc\include\string.h(110) : see declaration of 'strcpy'
         g_antilag.c
         g_alarm.c
         g_active.c
         ai_cast_think.c
         ai_cast_sight.c
         ai_cast_script_ents.c
         ai_cast_script_actions.c
         ai_cast_script.c
         ai_cast_funcs.c
         ai_cast_func_boss1.c
         ai_cast_func_attack.c
         ai_cast_fight.c
         ai_cast_events.c
         ai_cast_debug.c
     1>c:\users\nate\desktop\xmod\src\game\ai_cast_debug.c(143): warning C4996: 'strcpy': This function or variable may be unsafe. Consider using strcpy_s instead. To disable deprecation, use _CRT_SECURE_NO_WARNINGS. See online help for details.
                 c:\program files (x86)\microsoft visual studio 11.0\vc\include\string.h(110) : see declaration of 'strcpy'
         ai_cast_characters.c
         ai_cast.c
     1>c:\users\nate\desktop\xmod\src\game\ai_cast.c(94): warning C4996: '_vsnprintf': This function or variable may be unsafe. Consider using _vsnprintf_s instead. To disable deprecation, use _CRT_SECURE_NO_WARNINGS. See online help for details.
                 c:\program files (x86)\microsoft visual studio 11.0\vc\include\stdio.h(349) : see declaration of '_vsnprintf'
         ai_team.c
     1>c:\users\nate\desktop\xmod\src\botai\ai_team.c(498): warning C4996: 'strncpy': This function or variable may be unsafe. Consider using strncpy_s instead. To disable deprecation, use _CRT_SECURE_NO_WARNINGS. See online help for details.
                 c:\program files (x86)\microsoft visual studio 11.0\vc\include\string.h(191) : see declaration of 'strncpy'
         Generating Code...
         Compiling...
         ai_main.c
     1>c:\users\nate\desktop\xmod\src\botai\ai_main.c(56): warning C4996: 'vsprintf': This function or variable may be unsafe. Consider using vsprintf_s instead. To disable deprecation, use _CRT_SECURE_NO_WARNINGS. See online help for details.
                 c:\program files (x86)\microsoft visual studio 11.0\vc\include\stdio.h(357) : see declaration of 'vsprintf'
     1>c:\users\nate\desktop\xmod\src\botai\ai_main.c(941): warning C4996: 'strcpy': This function or variable may be unsafe. Consider using strcpy_s instead. To disable deprecation, use _CRT_SECURE_NO_WARNINGS. See online help for details.
                 c:\program files (x86)\microsoft visual studio 11.0\vc\include\string.h(110) : see declaration of 'strcpy'
     1>c:\users\nate\desktop\xmod\src\botai\ai_main.c(959): warning C4996: 'strcpy': This function or variable may be unsafe. Consider using strcpy_s instead. To disable deprecation, use _CRT_SECURE_NO_WARNINGS. See online help for details.
                 c:\program files (x86)\microsoft visual studio 11.0\vc\include\string.h(110) : see declaration of 'strcpy'
     1>c:\users\nate\desktop\xmod\src\botai\ai_main.c(964): warning C4996: 'strcpy': This function or variable may be unsafe. Consider using strcpy_s instead. To disable deprecation, use _CRT_SECURE_NO_WARNINGS. See online help for details.
                 c:\program files (x86)\microsoft visual studio 11.0\vc\include\string.h(110) : see declaration of 'strcpy'
     1>c:\users\nate\desktop\xmod\src\botai\ai_main.c(969): warning C4996: 'strcpy': This function or variable may be unsafe. Consider using strcpy_s instead. To disable deprecation, use _CRT_SECURE_NO_WARNINGS. See online help for details.
                 c:\program files (x86)\microsoft visual studio 11.0\vc\include\string.h(110) : see declaration of 'strcpy'
     1>c:\users\nate\desktop\xmod\src\botai\ai_main.c(973): warning C4996: 'strcpy': This function or variable may be unsafe. Consider using strcpy_s instead. To disable deprecation, use _CRT_SECURE_NO_WARNINGS. See online help for details.
                 c:\program files (x86)\microsoft visual studio 11.0\vc\include\string.h(110) : see declaration of 'strcpy'
     1>c:\users\nate\desktop\xmod\src\botai\ai_main.c(992): warning C4996: 'strcpy': This function or variable may be unsafe. Consider using strcpy_s instead. To disable deprecation, use _CRT_SECURE_NO_WARNINGS. See online help for details.
                 c:\program files (x86)\microsoft visual studio 11.0\vc\include\string.h(110) : see declaration of 'strcpy'
     1>c:\users\nate\desktop\xmod\src\botai\ai_main.c(996): warning C4996: 'strcpy': This function or variable may be unsafe. Consider using strcpy_s instead. To disable deprecation, use _CRT_SECURE_NO_WARNINGS. See online help for details.
                 c:\program files (x86)\microsoft visual studio 11.0\vc\include\string.h(110) : see declaration of 'strcpy'
         ai_dmq3.c
     1>c:\users\nate\desktop\xmod\src\botai\ai_dmq3.c(226): warning C4996: 'strncpy': This function or variable may be unsafe. Consider using strncpy_s instead. To disable deprecation, use _CRT_SECURE_NO_WARNINGS. See online help for details.
                 c:\program files (x86)\microsoft visual studio 11.0\vc\include\string.h(191) : see declaration of 'strncpy'
     1>c:\users\nate\desktop\xmod\src\botai\ai_dmq3.c(245): warning C4996: 'strncpy': This function or variable may be unsafe. Consider using strncpy_s instead. To disable deprecation, use _CRT_SECURE_NO_WARNINGS. See online help for details.
                 c:\program files (x86)\microsoft visual studio 11.0\vc\include\string.h(191) : see declaration of 'strncpy'
     1>c:\users\nate\desktop\xmod\src\botai\ai_dmq3.c(298): warning C4996: 'strcpy': This function or variable may be unsafe. Consider using strcpy_s instead. To disable deprecation, use _CRT_SECURE_NO_WARNINGS. See online help for details.
                 c:\program files (x86)\microsoft visual studio 11.0\vc\include\string.h(110) : see declaration of 'strcpy'
     1>c:\users\nate\desktop\xmod\src\botai\ai_dmq3.c(332): warning C4996: 'strncpy': This function or variable may be unsafe. Consider using strncpy_s instead. To disable deprecation, use _CRT_SECURE_NO_WARNINGS. See online help for details.
                 c:\program files (x86)\microsoft visual studio 11.0\vc\include\string.h(191) : see declaration of 'strncpy'
     1>c:\users\nate\desktop\xmod\src\botai\ai_dmq3.c(1745): warning C4996: 'strncpy': This function or variable may be unsafe. Consider using strncpy_s instead. To disable deprecation, use _CRT_SECURE_NO_WARNINGS. See online help for details.
                 c:\program files (x86)\microsoft visual studio 11.0\vc\include\string.h(191) : see declaration of 'strncpy'
     1>c:\users\nate\desktop\xmod\src\botai\ai_dmq3.c(2048): warning C4996: 'strcpy': This function or variable may be unsafe. Consider using strcpy_s instead. To disable deprecation, use _CRT_SECURE_NO_WARNINGS. See online help for details.
                 c:\program files (x86)\microsoft visual studio 11.0\vc\include\string.h(110) : see declaration of 'strcpy'
         ai_dmnet.c
     1>c:\users\nate\desktop\xmod\src\botai\ai_dmnet.c(595): warning C4996: 'strcpy': This function or variable may be unsafe. Consider using strcpy_s instead. To disable deprecation, use _CRT_SECURE_NO_WARNINGS. See online help for details.
                 c:\program files (x86)\microsoft visual studio 11.0\vc\include\string.h(110) : see declaration of 'strcpy'
     1>c:\users\nate\desktop\xmod\src\botai\ai_dmnet.c(597): warning C4996: 'strcat': This function or variable may be unsafe. Consider using strcat_s instead. To disable deprecation, use _CRT_SECURE_NO_WARNINGS. See online help for details.
                 c:\program files (x86)\microsoft visual studio 11.0\vc\include\string.h(115) : see declaration of 'strcat'
     1>c:\users\nate\desktop\xmod\src\botai\ai_dmnet.c(598): warning C4996: 'strcat': This function or variable may be unsafe. Consider using strcat_s instead. To disable deprecation, use _CRT_SECURE_NO_WARNINGS. See online help for details.
                 c:\program files (x86)\microsoft visual studio 11.0\vc\include\string.h(115) : see declaration of 'strcat'
         ai_cmd.c
     1>c:\users\nate\desktop\xmod\src\botai\ai_cmd.c(788): warning C4996: 'strncpy': This function or variable may be unsafe. Consider using strncpy_s instead. To disable deprecation, use _CRT_SECURE_NO_WARNINGS. See online help for details.
                 c:\program files (x86)\microsoft visual studio 11.0\vc\include\string.h(191) : see declaration of 'strncpy'
     1>c:\users\nate\desktop\xmod\src\botai\ai_cmd.c(810): warning C4996: 'strcpy': This function or variable may be unsafe. Consider using strcpy_s instead. To disable deprecation, use _CRT_SECURE_NO_WARNINGS. See online help for details.
                 c:\program files (x86)\microsoft visual studio 11.0\vc\include\string.h(110) : see declaration of 'strcpy'
     1>c:\users\nate\desktop\xmod\src\botai\ai_cmd.c(848): warning C4996: 'sscanf': This function or variable may be unsafe. Consider using sscanf_s instead. To disable deprecation, use _CRT_SECURE_NO_WARNINGS. See online help for details.
                 c:\program files (x86)\microsoft visual studio 11.0\vc\include\stdio.h(311) : see declaration of 'sscanf'
     1>c:\users\nate\desktop\xmod\src\botai\ai_cmd.c(939): warning C4996: 'strncpy': This function or variable may be unsafe. Consider using strncpy_s instead. To disable deprecation, use _CRT_SECURE_NO_WARNINGS. See online help for details.
                 c:\program files (x86)\microsoft visual studio 11.0\vc\include\string.h(191) : see declaration of 'strncpy'
         ai_chat.c
     1>c:\users\nate\desktop\xmod\src\botai\ai_chat.c(239): warning C4996: 'strncpy': This function or variable may be unsafe. Consider using strncpy_s instead. To disable deprecation, use _CRT_SECURE_NO_WARNINGS. See online help for details.
                 c:\program files (x86)\microsoft visual studio 11.0\vc\include\string.h(191) : see declaration of 'strncpy'
     1>c:\users\nate\desktop\xmod\src\botai\ai_chat.c(487): warning C4996: 'strcpy': This function or variable may be unsafe. Consider using strcpy_s instead. To disable deprecation, use _CRT_SECURE_NO_WARNINGS. See online help for details.
                 c:\program files (x86)\microsoft visual studio 11.0\vc\include\string.h(110) : see declaration of 'strcpy'
     1>c:\users\nate\desktop\xmod\src\botai\ai_chat.c(634): warning C4996: 'strcpy': This function or variable may be unsafe. Consider using strcpy_s instead. To disable deprecation, use _CRT_SECURE_NO_WARNINGS. See online help for details.
                 c:\program files (x86)\microsoft visual studio 11.0\vc\include\string.h(110) : see declaration of 'strcpy'
     1>c:\users\nate\desktop\xmod\src\botai\ai_chat.c(786): warning C4996: 'strcpy': This function or variable may be unsafe. Consider using strcpy_s instead. To disable deprecation, use _CRT_SECURE_NO_WARNINGS. See online help for details.
                 c:\program files (x86)\microsoft visual studio 11.0\vc\include\string.h(110) : see declaration of 'strcpy'
     1>c:\users\nate\desktop\xmod\src\botai\ai_chat.c(1054): warning C4996: 'strcpy': This function or variable may be unsafe. Consider using strcpy_s instead. To disable deprecation, use _CRT_SECURE_NO_WARNINGS. See online help for details.
                 c:\program files (x86)\microsoft visual studio 11.0\vc\include\string.h(110) : see declaration of 'strcpy'
         Generating Code...
     1>C:\Program Files (x86)\MSBuild\Microsoft.Cpp\v4.0\V110\Microsoft.CppBuild.targets(1137,5): warning MSB8012: TargetPath(C:\Users\nate\Desktop\xMod\project\VS2012\.\Debug\game.dll) does not match the Linker's OutputFile property value (C:\Users\nate\Desktop\xMod\project\Debug\qagame_mp_x86.dll). This may cause your project to build incorrectly. To correct this, please make sure that $(OutDir), $(TargetName) and $(TargetExt) property values match the value specified in %(Link.OutputFile).
     1>C:\Program Files (x86)\MSBuild\Microsoft.Cpp\v4.0\V110\Microsoft.CppBuild.targets(1139,5): warning MSB8012: TargetName(game) does not match the Linker's OutputFile property value (qagame_mp_x86). This may cause your project to build incorrectly. To correct this, please make sure that $(OutDir), $(TargetName) and $(TargetExt) property values match the value specified in %(Link.OutputFile).
       Link:
         C:\Program Files (x86)\Microsoft Visual Studio 11.0\VC\bin\link.exe /ERRORREPORT:PROMPT /OUT:"..\Debug/qagame_mp_x86.dll" /INCREMENTAL /NOLOGO winmm.lib kernel32.lib user32.lib gdi32.lib winspool.lib comdlg32.lib advapi32.lib shell32.lib ole32.lib oleaut32.lib uuid.lib odbc32.lib odbccp32.lib /DEF:".\game.def" /MANIFEST /MANIFESTUAC:"level='asInvoker' uiAccess='false'" /manifest:embed /DEBUG /PDB:".\Debug\game.pdb" /SUBSYSTEM:WINDOWS /TLBID:1 /BASE:"0x20000000" /DYNAMICBASE /NXCOMPAT /IMPLIB:".\Debug\qagame_mp_x86.lib" /MACHINE:X86 /SAFESEH /DLL .\Debug\ai_chat.obj
         .\Debug\ai_cmd.obj
         .\Debug\ai_dmnet.obj
         .\Debug\ai_dmq3.obj
         .\Debug\ai_main.obj
         .\Debug\ai_team.obj
         .\Debug\ai_cast.obj
         .\Debug\ai_cast_characters.obj
         .\Debug\ai_cast_debug.obj
         .\Debug\ai_cast_events.obj
         .\Debug\ai_cast_fight.obj
         .\Debug\ai_cast_funcs.obj
         .\Debug\ai_cast_func_attack.obj
         .\Debug\ai_cast_func_boss1.obj
         .\Debug\ai_cast_script.obj
         .\Debug\ai_cast_script_actions.obj
         .\Debug\ai_cast_script_ents.obj
         .\Debug\ai_cast_sight.obj
         .\Debug\ai_cast_think.obj
         .\Debug\bg_animation.obj
         .\Debug\bg_misc.obj
         .\Debug\bg_pmove.obj
         .\Debug\bg_slidemove.obj
         .\Debug\g_active.obj
         .\Debug\g_alarm.obj
         .\Debug\g_antilag.obj
         .\Debug\g_bot.obj
         .\Debug\g_client.obj
         .\Debug\g_cmds.obj
         .\Debug\g_combat.obj
         .\Debug\g_items.obj
         .\Debug\g_main.obj
         .\Debug\g_mem.obj
         .\Debug\g_misc.obj
         .\Debug\g_missile.obj
         .\Debug\g_mover.obj
         .\Debug\g_props.obj
         .\Debug\g_save.obj
         .\Debug\g_script.obj
         .\Debug\g_script_actions.obj
         .\Debug\g_session.obj
         .\Debug\g_spawn.obj
         .\Debug\g_svcmds.obj
         .\Debug\g_syscalls.obj
         .\Debug\g_target.obj
         .\Debug\g_team.obj
         .\Debug\g_tramcar.obj
         .\Debug\g_trigger.obj
         .\Debug\g_utils.obj
         .\Debug\g_weapon.obj
         .\Debug\q_math.obj
         .\Debug\q_shared.obj
         game.vcxproj -> C:\Users\nate\Desktop\xMod\project\VS2012\.\Debug\game.dll
       BscMake:
         C:\Program Files (x86)\Microsoft Visual Studio 11.0\VC\bin\bscmake.exe /nologo /o".\Debug\game.bsc" /n .\Debug\ai_chat.sbr .\Debug\ai_cmd.sbr .\Debug\ai_dmnet.sbr .\Debug\ai_dmq3.sbr .\Debug\ai_main.sbr .\Debug\ai_team.sbr .\Debug\ai_cast.sbr .\Debug\ai_cast_characters.sbr .\Debug\ai_cast_debug.sbr .\Debug\ai_cast_events.sbr .\Debug\ai_cast_fight.sbr .\Debug\ai_cast_funcs.sbr .\Debug\ai_cast_func_attack.sbr .\Debug\ai_cast_func_boss1.sbr .\Debug\ai_cast_script.sbr .\Debug\ai_cast_script_actions.sbr .\Debug\ai_cast_script_ents.sbr .\Debug\ai_cast_sight.sbr .\Debug\ai_cast_think.sbr .\Debug\bg_animation.sbr .\Debug\bg_misc.sbr .\Debug\bg_pmove.sbr .\Debug\bg_slidemove.sbr .\Debug\g_active.sbr .\Debug\g_alarm.sbr .\Debug\g_antilag.sbr .\Debug\g_bot.sbr .\Debug\g_client.sbr .\Debug\g_cmds.sbr .\Debug\g_combat.sbr .\Debug\g_items.sbr .\Debug\g_main.sbr .\Debug\g_mem.sbr .\Debug\g_misc.sbr .\Debug\g_missile.sbr .\Debug\g_mover.sbr .\Debug\g_props.sbr .\Debug\g_save.sbr .\Debug\g_script.sbr .\Debug\g_script_actions.sbr .\Debug\g_session.sbr .\Debug\g_spawn.sbr .\Debug\g_svcmds.sbr .\Debug\g_syscalls.sbr .\Debug\g_target.sbr .\Debug\g_team.sbr .\Debug\g_tramcar.sbr .\Debug\g_trigger.sbr .\Debug\g_utils.sbr .\Debug\g_weapon.sbr .\Debug\q_math.sbr .\Debug\q_shared.sbr
       PostBuildEvent:
         copy ..\Debug\qagame_mp_x86.dll "\Main"
         :VCEnd
                 1 file(s) copied.
     1>Done Building Project "C:\Users\nate\Desktop\xMod\project\VS2012\game.vcxproj" (Build target(s)).

Build succeeded.

Time Elapsed 00:00:06.86
