C:\USERS\NATE\DESKTOP\XMOD\PROJECT\VS2012\DEBUG\GAME.BSC
C:\USERS\NATE\DESKTOP\XMOD\PROJECT\VS2012\DEBUG\Q_SHARED.SBR
C:\USERS\NATE\DESKTOP\XMOD\PROJECT\VS2012\DEBUG\Q_MATH.SBR
C:\USERS\NATE\DESKTOP\XMOD\PROJECT\VS2012\DEBUG\G_WEAPON.SBR
C:\USERS\NATE\DESKTOP\XMOD\PROJECT\VS2012\DEBUG\G_UTILS.SBR
C:\USERS\NATE\DESKTOP\XMOD\PROJECT\VS2012\DEBUG\G_TRIGGER.SBR
C:\USERS\NATE\DESKTOP\XMOD\PROJECT\VS2012\DEBUG\G_TRAMCAR.SBR
C:\USERS\NATE\DESKTOP\XMOD\PROJECT\VS2012\DEBUG\G_TEAM.SBR
C:\USERS\NATE\DESKTOP\XMOD\PROJECT\VS2012\DEBUG\G_TARGET.SBR
C:\USERS\NATE\DESKTOP\XMOD\PROJECT\VS2012\DEBUG\G_SYSCALLS.SBR
C:\USERS\NATE\DESKTOP\XMOD\PROJECT\VS2012\DEBUG\G_SVCMDS.SBR
C:\USERS\NATE\DESKTOP\XMOD\PROJECT\VS2012\DEBUG\G_SPAWN.SBR
C:\USERS\NATE\DESKTOP\XMOD\PROJECT\VS2012\DEBUG\G_SESSION.SBR
C:\USERS\NATE\DESKTOP\XMOD\PROJECT\VS2012\DEBUG\G_SCRIPT_ACTIONS.SBR
C:\USERS\NATE\DESKTOP\XMOD\PROJECT\VS2012\DEBUG\G_SCRIPT.SBR
C:\USERS\NATE\DESKTOP\XMOD\PROJECT\VS2012\DEBUG\G_SAVE.SBR
C:\USERS\NATE\DESKTOP\XMOD\PROJECT\VS2012\DEBUG\G_PROPS.SBR
C:\USERS\NATE\DESKTOP\XMOD\PROJECT\VS2012\DEBUG\G_MOVER.SBR
C:\USERS\NATE\DESKTOP\XMOD\PROJECT\VS2012\DEBUG\G_MISSILE.SBR
C:\USERS\NATE\DESKTOP\XMOD\PROJECT\VS2012\DEBUG\G_MISC.SBR
C:\USERS\NATE\DESKTOP\XMOD\PROJECT\VS2012\DEBUG\G_MEM.SBR
C:\USERS\NATE\DESKTOP\XMOD\PROJECT\VS2012\DEBUG\G_MEM.OBJ
C:\USERS\NATE\DESKTOP\XMOD\PROJECT\VS2012\DEBUG\G_MISC.OBJ
C:\USERS\NATE\DESKTOP\XMOD\PROJECT\VS2012\DEBUG\G_MISSILE.OBJ
C:\USERS\NATE\DESKTOP\XMOD\PROJECT\VS2012\DEBUG\G_MOVER.OBJ
C:\USERS\NATE\DESKTOP\XMOD\PROJECT\VS2012\DEBUG\G_PROPS.OBJ
C:\USERS\NATE\DESKTOP\XMOD\PROJECT\VS2012\DEBUG\G_SAVE.OBJ
C:\USERS\NATE\DESKTOP\XMOD\PROJECT\VS2012\DEBUG\G_SCRIPT.OBJ
C:\USERS\NATE\DESKTOP\XMOD\PROJECT\VS2012\DEBUG\G_SCRIPT_ACTIONS.OBJ
C:\USERS\NATE\DESKTOP\XMOD\PROJECT\VS2012\DEBUG\G_SESSION.OBJ
C:\USERS\NATE\DESKTOP\XMOD\PROJECT\VS2012\DEBUG\G_SPAWN.OBJ
C:\USERS\NATE\DESKTOP\XMOD\PROJECT\VS2012\DEBUG\G_SVCMDS.OBJ
C:\USERS\NATE\DESKTOP\XMOD\PROJECT\VS2012\DEBUG\G_SYSCALLS.OBJ
C:\USERS\NATE\DESKTOP\XMOD\PROJECT\VS2012\DEBUG\G_TARGET.OBJ
C:\USERS\NATE\DESKTOP\XMOD\PROJECT\VS2012\DEBUG\G_TEAM.OBJ
C:\USERS\NATE\DESKTOP\XMOD\PROJECT\VS2012\DEBUG\G_TRAMCAR.OBJ
C:\USERS\NATE\DESKTOP\XMOD\PROJECT\VS2012\DEBUG\G_TRIGGER.OBJ
C:\USERS\NATE\DESKTOP\XMOD\PROJECT\VS2012\DEBUG\G_UTILS.OBJ
C:\USERS\NATE\DESKTOP\XMOD\PROJECT\VS2012\DEBUG\G_WEAPON.OBJ
C:\USERS\NATE\DESKTOP\XMOD\PROJECT\VS2012\DEBUG\Q_MATH.OBJ
C:\USERS\NATE\DESKTOP\XMOD\PROJECT\VS2012\DEBUG\Q_SHARED.OBJ
C:\USERS\NATE\DESKTOP\XMOD\PROJECT\VS2012\DEBUG\G_MAIN.SBR
C:\USERS\NATE\DESKTOP\XMOD\PROJECT\VS2012\DEBUG\G_ITEMS.SBR
C:\USERS\NATE\DESKTOP\XMOD\PROJECT\VS2012\DEBUG\G_COMBAT.SBR
C:\USERS\NATE\DESKTOP\XMOD\PROJECT\VS2012\DEBUG\G_CMDS.SBR
C:\USERS\NATE\DESKTOP\XMOD\PROJECT\VS2012\DEBUG\G_CLIENT.SBR
C:\USERS\NATE\DESKTOP\XMOD\PROJECT\VS2012\DEBUG\G_BOT.SBR
C:\USERS\NATE\DESKTOP\XMOD\PROJECT\VS2012\DEBUG\G_ANTILAG.SBR
C:\USERS\NATE\DESKTOP\XMOD\PROJECT\VS2012\DEBUG\G_ALARM.SBR
C:\USERS\NATE\DESKTOP\XMOD\PROJECT\VS2012\DEBUG\G_ACTIVE.SBR
C:\USERS\NATE\DESKTOP\XMOD\PROJECT\VS2012\DEBUG\BG_SLIDEMOVE.SBR
C:\USERS\NATE\DESKTOP\XMOD\PROJECT\VS2012\DEBUG\BG_PMOVE.SBR
C:\USERS\NATE\DESKTOP\XMOD\PROJECT\VS2012\DEBUG\BG_MISC.SBR
C:\USERS\NATE\DESKTOP\XMOD\PROJECT\VS2012\DEBUG\BG_ANIMATION.SBR
C:\USERS\NATE\DESKTOP\XMOD\PROJECT\VS2012\DEBUG\AI_CAST_THINK.SBR
C:\USERS\NATE\DESKTOP\XMOD\PROJECT\VS2012\DEBUG\AI_CAST_SIGHT.SBR
C:\USERS\NATE\DESKTOP\XMOD\PROJECT\VS2012\DEBUG\AI_CAST_SCRIPT_ENTS.SBR
C:\USERS\NATE\DESKTOP\XMOD\PROJECT\VS2012\DEBUG\AI_CAST_SCRIPT_ACTIONS.SBR
C:\USERS\NATE\DESKTOP\XMOD\PROJECT\VS2012\DEBUG\AI_CAST_SCRIPT.SBR
C:\USERS\NATE\DESKTOP\XMOD\PROJECT\VS2012\DEBUG\AI_CAST_FUNC_BOSS1.SBR
C:\USERS\NATE\DESKTOP\XMOD\PROJECT\VS2012\DEBUG\AI_CAST_FUNC_ATTACK.SBR
C:\USERS\NATE\DESKTOP\XMOD\PROJECT\VS2012\DEBUG\AI_CAST_FUNC_ATTACK.OBJ
C:\USERS\NATE\DESKTOP\XMOD\PROJECT\VS2012\DEBUG\AI_CAST_FUNC_BOSS1.OBJ
C:\USERS\NATE\DESKTOP\XMOD\PROJECT\VS2012\DEBUG\AI_CAST_SCRIPT.OBJ
C:\USERS\NATE\DESKTOP\XMOD\PROJECT\VS2012\DEBUG\AI_CAST_SCRIPT_ACTIONS.OBJ
C:\USERS\NATE\DESKTOP\XMOD\PROJECT\VS2012\DEBUG\AI_CAST_SCRIPT_ENTS.OBJ
C:\USERS\NATE\DESKTOP\XMOD\PROJECT\VS2012\DEBUG\AI_CAST_SIGHT.OBJ
C:\USERS\NATE\DESKTOP\XMOD\PROJECT\VS2012\DEBUG\AI_CAST_THINK.OBJ
C:\USERS\NATE\DESKTOP\XMOD\PROJECT\VS2012\DEBUG\BG_ANIMATION.OBJ
C:\USERS\NATE\DESKTOP\XMOD\PROJECT\VS2012\DEBUG\BG_MISC.OBJ
C:\USERS\NATE\DESKTOP\XMOD\PROJECT\VS2012\DEBUG\BG_PMOVE.OBJ
C:\USERS\NATE\DESKTOP\XMOD\PROJECT\VS2012\DEBUG\BG_SLIDEMOVE.OBJ
C:\USERS\NATE\DESKTOP\XMOD\PROJECT\VS2012\DEBUG\G_ACTIVE.OBJ
C:\USERS\NATE\DESKTOP\XMOD\PROJECT\VS2012\DEBUG\G_ALARM.OBJ
C:\USERS\NATE\DESKTOP\XMOD\PROJECT\VS2012\DEBUG\G_ANTILAG.OBJ
C:\USERS\NATE\DESKTOP\XMOD\PROJECT\VS2012\DEBUG\G_BOT.OBJ
C:\USERS\NATE\DESKTOP\XMOD\PROJECT\VS2012\DEBUG\G_CLIENT.OBJ
C:\USERS\NATE\DESKTOP\XMOD\PROJECT\VS2012\DEBUG\G_CMDS.OBJ
C:\USERS\NATE\DESKTOP\XMOD\PROJECT\VS2012\DEBUG\G_COMBAT.OBJ
C:\USERS\NATE\DESKTOP\XMOD\PROJECT\VS2012\DEBUG\G_ITEMS.OBJ
C:\USERS\NATE\DESKTOP\XMOD\PROJECT\VS2012\DEBUG\G_MAIN.OBJ
C:\USERS\NATE\DESKTOP\XMOD\PROJECT\VS2012\DEBUG\AI_CAST_FUNCS.SBR
C:\USERS\NATE\DESKTOP\XMOD\PROJECT\VS2012\DEBUG\AI_CAST_FIGHT.SBR
C:\USERS\NATE\DESKTOP\XMOD\PROJECT\VS2012\DEBUG\AI_CAST_EVENTS.SBR
C:\USERS\NATE\DESKTOP\XMOD\PROJECT\VS2012\DEBUG\AI_CAST_DEBUG.SBR
C:\USERS\NATE\DESKTOP\XMOD\PROJECT\VS2012\DEBUG\AI_CAST_CHARACTERS.SBR
C:\USERS\NATE\DESKTOP\XMOD\PROJECT\VS2012\DEBUG\AI_CAST.SBR
C:\USERS\NATE\DESKTOP\XMOD\PROJECT\VS2012\DEBUG\AI_TEAM.SBR
C:\USERS\NATE\DESKTOP\XMOD\PROJECT\VS2012\DEBUG\AI_MAIN.SBR
C:\USERS\NATE\DESKTOP\XMOD\PROJECT\VS2012\DEBUG\AI_DMQ3.SBR
C:\USERS\NATE\DESKTOP\XMOD\PROJECT\VS2012\DEBUG\AI_DMNET.SBR
C:\USERS\NATE\DESKTOP\XMOD\PROJECT\VS2012\DEBUG\AI_CMD.SBR
C:\USERS\NATE\DESKTOP\XMOD\PROJECT\VS2012\DEBUG\AI_CHAT.SBR
C:\USERS\NATE\DESKTOP\XMOD\PROJECT\VS2012\DEBUG\AI_CHAT.OBJ
C:\USERS\NATE\DESKTOP\XMOD\PROJECT\VS2012\DEBUG\AI_CMD.OBJ
C:\USERS\NATE\DESKTOP\XMOD\PROJECT\VS2012\DEBUG\AI_DMNET.OBJ
C:\USERS\NATE\DESKTOP\XMOD\PROJECT\VS2012\DEBUG\AI_DMQ3.OBJ
C:\USERS\NATE\DESKTOP\XMOD\PROJECT\VS2012\DEBUG\AI_MAIN.OBJ
C:\USERS\NATE\DESKTOP\XMOD\PROJECT\VS2012\DEBUG\AI_TEAM.OBJ
C:\USERS\NATE\DESKTOP\XMOD\PROJECT\VS2012\DEBUG\AI_CAST.OBJ
C:\USERS\NATE\DESKTOP\XMOD\PROJECT\VS2012\DEBUG\AI_CAST_CHARACTERS.OBJ
C:\USERS\NATE\DESKTOP\XMOD\PROJECT\VS2012\DEBUG\AI_CAST_DEBUG.OBJ
C:\USERS\NATE\DESKTOP\XMOD\PROJECT\VS2012\DEBUG\AI_CAST_EVENTS.OBJ
C:\USERS\NATE\DESKTOP\XMOD\PROJECT\VS2012\DEBUG\AI_CAST_FIGHT.OBJ
C:\USERS\NATE\DESKTOP\XMOD\PROJECT\VS2012\DEBUG\AI_CAST_FUNCS.OBJ
C:\USERS\NATE\DESKTOP\XMOD\PROJECT\VS2012\DEBUG\VC110.PDB
C:\USERS\NATE\DESKTOP\XMOD\PROJECT\VS2012\DEBUG\UI_SYSCALLS.SBR
C:\USERS\NATE\DESKTOP\XMOD\PROJECT\VS2012\DEBUG\UI_SHARED.SBR
C:\USERS\NATE\DESKTOP\XMOD\PROJECT\VS2012\DEBUG\UI_PLAYERS.SBR
C:\USERS\NATE\DESKTOP\XMOD\PROJECT\VS2012\DEBUG\UI_MAIN.SBR
C:\USERS\NATE\DESKTOP\XMOD\PROJECT\VS2012\DEBUG\UI_GAMEINFO.SBR
C:\USERS\NATE\DESKTOP\XMOD\PROJECT\VS2012\DEBUG\UI_ATOMS.SBR
C:\USERS\NATE\DESKTOP\XMOD\PROJECT\VS2012\DEBUG\BG_LIB.SBR
C:\USERS\NATE\DESKTOP\XMOD\PROJECT\VS2012\DEBUG\BG_LIB.OBJ
C:\USERS\NATE\DESKTOP\XMOD\PROJECT\VS2012\DEBUG\UI_ATOMS.OBJ
C:\USERS\NATE\DESKTOP\XMOD\PROJECT\VS2012\DEBUG\UI_GAMEINFO.OBJ
C:\USERS\NATE\DESKTOP\XMOD\PROJECT\VS2012\DEBUG\UI_MAIN.OBJ
C:\USERS\NATE\DESKTOP\XMOD\PROJECT\VS2012\DEBUG\UI_PLAYERS.OBJ
C:\USERS\NATE\DESKTOP\XMOD\PROJECT\VS2012\DEBUG\UI_SHARED.OBJ
C:\USERS\NATE\DESKTOP\XMOD\PROJECT\VS2012\DEBUG\UI_SYSCALLS.OBJ
C:\Users\nate\Desktop\xMod\project\VS2012\Debug\qagame_mp_x86.lib
C:\Users\nate\Desktop\xMod\project\VS2012\Debug\qagame_mp_x86.exp
C:\USERS\NATE\DESKTOP\XMOD\PROJECT\DEBUG\QAGAME_MP_X86.ILK
C:\USERS\NATE\DESKTOP\XMOD\PROJECT\DEBUG\QAGAME_MP_X86.DLL
C:\USERS\NATE\DESKTOP\XMOD\PROJECT\VS2012\DEBUG\GAME.PDB
C:\Users\nate\Desktop\xMod\project\VS2012\Debug\ai_cast.obj
C:\Users\nate\Desktop\xMod\project\VS2012\Debug\ai_cast_characters.obj
C:\Users\nate\Desktop\xMod\project\VS2012\Debug\ai_cast_debug.obj
C:\Users\nate\Desktop\xMod\project\VS2012\Debug\ai_cast_events.obj
C:\Users\nate\Desktop\xMod\project\VS2012\Debug\ai_cast_fight.obj
C:\Users\nate\Desktop\xMod\project\VS2012\Debug\ai_cast_funcs.obj
C:\Users\nate\Desktop\xMod\project\VS2012\Debug\ai_cast_func_attack.obj
C:\Users\nate\Desktop\xMod\project\VS2012\Debug\ai_cast_func_boss1.obj
C:\Users\nate\Desktop\xMod\project\VS2012\Debug\ai_cast_script.obj
C:\Users\nate\Desktop\xMod\project\VS2012\Debug\ai_cast_script_actions.obj
C:\Users\nate\Desktop\xMod\project\VS2012\Debug\ai_cast_script_ents.obj
C:\Users\nate\Desktop\xMod\project\VS2012\Debug\ai_cast_sight.obj
C:\Users\nate\Desktop\xMod\project\VS2012\Debug\ai_cast_think.obj
C:\Users\nate\Desktop\xMod\project\VS2012\Debug\ai_chat.obj
C:\Users\nate\Desktop\xMod\project\VS2012\Debug\ai_cmd.obj
C:\Users\nate\Desktop\xMod\project\VS2012\Debug\ai_dmnet.obj
C:\Users\nate\Desktop\xMod\project\VS2012\Debug\ai_dmq3.obj
C:\Users\nate\Desktop\xMod\project\VS2012\Debug\ai_main.obj
C:\Users\nate\Desktop\xMod\project\VS2012\Debug\ai_team.obj
C:\Users\nate\Desktop\xMod\project\VS2012\Debug\bg_animation.obj
C:\Users\nate\Desktop\xMod\project\VS2012\Debug\bg_lib.obj
C:\Users\nate\Desktop\xMod\project\VS2012\Debug\bg_misc.obj
C:\Users\nate\Desktop\xMod\project\VS2012\Debug\bg_pmove.obj
C:\Users\nate\Desktop\xMod\project\VS2012\Debug\bg_slidemove.obj
C:\Users\nate\Desktop\xMod\project\VS2012\Debug\g_active.obj
C:\Users\nate\Desktop\xMod\project\VS2012\Debug\g_alarm.obj
C:\Users\nate\Desktop\xMod\project\VS2012\Debug\g_antilag.obj
C:\Users\nate\Desktop\xMod\project\VS2012\Debug\g_bot.obj
C:\Users\nate\Desktop\xMod\project\VS2012\Debug\g_client.obj
C:\Users\nate\Desktop\xMod\project\VS2012\Debug\g_cmds.obj
C:\Users\nate\Desktop\xMod\project\VS2012\Debug\g_combat.obj
C:\Users\nate\Desktop\xMod\project\VS2012\Debug\g_items.obj
C:\Users\nate\Desktop\xMod\project\VS2012\Debug\g_main.obj
C:\Users\nate\Desktop\xMod\project\VS2012\Debug\g_mem.obj
C:\Users\nate\Desktop\xMod\project\VS2012\Debug\g_misc.obj
C:\Users\nate\Desktop\xMod\project\VS2012\Debug\g_missile.obj
C:\Users\nate\Desktop\xMod\project\VS2012\Debug\g_mover.obj
C:\Users\nate\Desktop\xMod\project\VS2012\Debug\g_props.obj
C:\Users\nate\Desktop\xMod\project\VS2012\Debug\g_save.obj
C:\Users\nate\Desktop\xMod\project\VS2012\Debug\g_script.obj
C:\Users\nate\Desktop\xMod\project\VS2012\Debug\g_script_actions.obj
C:\Users\nate\Desktop\xMod\project\VS2012\Debug\g_session.obj
C:\Users\nate\Desktop\xMod\project\VS2012\Debug\g_spawn.obj
C:\Users\nate\Desktop\xMod\project\VS2012\Debug\g_svcmds.obj
C:\Users\nate\Desktop\xMod\project\VS2012\Debug\g_syscalls.obj
C:\Users\nate\Desktop\xMod\project\VS2012\Debug\g_target.obj
C:\Users\nate\Desktop\xMod\project\VS2012\Debug\g_team.obj
C:\Users\nate\Desktop\xMod\project\VS2012\Debug\g_tramcar.obj
C:\Users\nate\Desktop\xMod\project\VS2012\Debug\g_trigger.obj
C:\Users\nate\Desktop\xMod\project\VS2012\Debug\g_utils.obj
C:\Users\nate\Desktop\xMod\project\VS2012\Debug\g_weapon.obj
C:\Users\nate\Desktop\xMod\project\VS2012\Debug\q_math.obj
C:\Users\nate\Desktop\xMod\project\VS2012\Debug\q_shared.obj
C:\Users\nate\Desktop\xMod\project\VS2012\Debug\ui_atoms.obj
C:\Users\nate\Desktop\xMod\project\VS2012\Debug\ui_gameinfo.obj
C:\Users\nate\Desktop\xMod\project\VS2012\Debug\ui_main.obj
C:\Users\nate\Desktop\xMod\project\VS2012\Debug\ui_players.obj
C:\Users\nate\Desktop\xMod\project\VS2012\Debug\ui_shared.obj
C:\Users\nate\Desktop\xMod\project\VS2012\Debug\ui_syscalls.obj
C:\Users\nate\Desktop\xMod\project\VS2012\Debug\BscMake.command.1.tlog
C:\Users\nate\Desktop\xMod\project\VS2012\Debug\bscmake.read.1.tlog
C:\Users\nate\Desktop\xMod\project\VS2012\Debug\BscMake.write.1.tlog
C:\Users\nate\Desktop\xMod\project\VS2012\Debug\cl.command.1.tlog
C:\Users\nate\Desktop\xMod\project\VS2012\Debug\CL.read.1.tlog
C:\Users\nate\Desktop\xMod\project\VS2012\Debug\CL.write.1.tlog
C:\Users\nate\Desktop\xMod\project\VS2012\Debug\game.write.1.tlog
C:\Users\nate\Desktop\xMod\project\VS2012\Debug\link-cvtres.read.1.tlog
C:\Users\nate\Desktop\xMod\project\VS2012\Debug\link-cvtres.write.1.tlog
C:\Users\nate\Desktop\xMod\project\VS2012\Debug\link-rc.read.1.tlog
C:\Users\nate\Desktop\xMod\project\VS2012\Debug\link-rc.write.1.tlog
C:\Users\nate\Desktop\xMod\project\VS2012\Debug\link.command.1.tlog
C:\Users\nate\Desktop\xMod\project\VS2012\Debug\link.read.1.tlog
C:\Users\nate\Desktop\xMod\project\VS2012\Debug\link.write.1.tlog
C:\Users\nate\Desktop\xMod\project\VS2012\Debug\vc110.idb
C:\Users\nate\Desktop\xMod\project\VS2012\Debug\game.pdb
C:\Users\nate\Desktop\xMod\project\VS2012\Debug\vc110.pdb
C:\Users\nate\Desktop\xMod\project\VS2012\Debug\game.bsc
C:\Users\nate\Desktop\xMod\project\VS2012\Debug\ai_cast.sbr
C:\Users\nate\Desktop\xMod\project\VS2012\Debug\ai_cast_characters.sbr
C:\Users\nate\Desktop\xMod\project\VS2012\Debug\ai_cast_debug.sbr
C:\Users\nate\Desktop\xMod\project\VS2012\Debug\ai_cast_events.sbr
C:\Users\nate\Desktop\xMod\project\VS2012\Debug\ai_cast_fight.sbr
C:\Users\nate\Desktop\xMod\project\VS2012\Debug\ai_cast_funcs.sbr
C:\Users\nate\Desktop\xMod\project\VS2012\Debug\ai_cast_func_attack.sbr
C:\Users\nate\Desktop\xMod\project\VS2012\Debug\ai_cast_func_boss1.sbr
C:\Users\nate\Desktop\xMod\project\VS2012\Debug\ai_cast_script.sbr
C:\Users\nate\Desktop\xMod\project\VS2012\Debug\ai_cast_script_actions.sbr
C:\Users\nate\Desktop\xMod\project\VS2012\Debug\ai_cast_script_ents.sbr
C:\Users\nate\Desktop\xMod\project\VS2012\Debug\ai_cast_sight.sbr
C:\Users\nate\Desktop\xMod\project\VS2012\Debug\ai_cast_think.sbr
C:\Users\nate\Desktop\xMod\project\VS2012\Debug\ai_chat.sbr
C:\Users\nate\Desktop\xMod\project\VS2012\Debug\ai_cmd.sbr
C:\Users\nate\Desktop\xMod\project\VS2012\Debug\ai_dmnet.sbr
C:\Users\nate\Desktop\xMod\project\VS2012\Debug\ai_dmq3.sbr
C:\Users\nate\Desktop\xMod\project\VS2012\Debug\ai_main.sbr
C:\Users\nate\Desktop\xMod\project\VS2012\Debug\ai_team.sbr
C:\Users\nate\Desktop\xMod\project\VS2012\Debug\bg_animation.sbr
C:\Users\nate\Desktop\xMod\project\VS2012\Debug\bg_lib.sbr
C:\Users\nate\Desktop\xMod\project\VS2012\Debug\bg_misc.sbr
C:\Users\nate\Desktop\xMod\project\VS2012\Debug\bg_pmove.sbr
C:\Users\nate\Desktop\xMod\project\VS2012\Debug\bg_slidemove.sbr
C:\Users\nate\Desktop\xMod\project\VS2012\Debug\g_active.sbr
C:\Users\nate\Desktop\xMod\project\VS2012\Debug\g_alarm.sbr
C:\Users\nate\Desktop\xMod\project\VS2012\Debug\g_antilag.sbr
C:\Users\nate\Desktop\xMod\project\VS2012\Debug\g_bot.sbr
C:\Users\nate\Desktop\xMod\project\VS2012\Debug\g_client.sbr
C:\Users\nate\Desktop\xMod\project\VS2012\Debug\g_cmds.sbr
C:\Users\nate\Desktop\xMod\project\VS2012\Debug\g_combat.sbr
C:\Users\nate\Desktop\xMod\project\VS2012\Debug\g_items.sbr
C:\Users\nate\Desktop\xMod\project\VS2012\Debug\g_main.sbr
C:\Users\nate\Desktop\xMod\project\VS2012\Debug\g_mem.sbr
C:\Users\nate\Desktop\xMod\project\VS2012\Debug\g_misc.sbr
C:\Users\nate\Desktop\xMod\project\VS2012\Debug\g_missile.sbr
C:\Users\nate\Desktop\xMod\project\VS2012\Debug\g_mover.sbr
C:\Users\nate\Desktop\xMod\project\VS2012\Debug\g_props.sbr
C:\Users\nate\Desktop\xMod\project\VS2012\Debug\g_save.sbr
C:\Users\nate\Desktop\xMod\project\VS2012\Debug\g_script.sbr
C:\Users\nate\Desktop\xMod\project\VS2012\Debug\g_script_actions.sbr
C:\Users\nate\Desktop\xMod\project\VS2012\Debug\g_session.sbr
C:\Users\nate\Desktop\xMod\project\VS2012\Debug\g_spawn.sbr
C:\Users\nate\Desktop\xMod\project\VS2012\Debug\g_svcmds.sbr
C:\Users\nate\Desktop\xMod\project\VS2012\Debug\g_syscalls.sbr
C:\Users\nate\Desktop\xMod\project\VS2012\Debug\g_target.sbr
C:\Users\nate\Desktop\xMod\project\VS2012\Debug\g_team.sbr
C:\Users\nate\Desktop\xMod\project\VS2012\Debug\g_tramcar.sbr
C:\Users\nate\Desktop\xMod\project\VS2012\Debug\g_trigger.sbr
C:\Users\nate\Desktop\xMod\project\VS2012\Debug\g_utils.sbr
C:\Users\nate\Desktop\xMod\project\VS2012\Debug\g_weapon.sbr
C:\Users\nate\Desktop\xMod\project\VS2012\Debug\q_math.sbr
C:\Users\nate\Desktop\xMod\project\VS2012\Debug\q_shared.sbr
C:\Users\nate\Desktop\xMod\project\VS2012\Debug\ui_atoms.sbr
C:\Users\nate\Desktop\xMod\project\VS2012\Debug\ui_gameinfo.sbr
C:\Users\nate\Desktop\xMod\project\VS2012\Debug\ui_main.sbr
C:\Users\nate\Desktop\xMod\project\VS2012\Debug\ui_players.sbr
C:\Users\nate\Desktop\xMod\project\VS2012\Debug\ui_shared.sbr
C:\Users\nate\Desktop\xMod\project\VS2012\Debug\ui_syscalls.sbr
